Start testing: Dec 09 14:25 KST
----------------------------------------------------------
1/5 Testing: dummyTest
1/5 Test: dummyTest
Command: "/mnt/c/github/computer-programming/bitcoin-mining-simulator/build/dummyTest"
Directory: /mnt/c/github/computer-programming/bitcoin-mining-simulator/build
"dummyTest" start time: Dec 09 14:25 KST
Output:
----------------------------------------------------------
[==========] Running 1 test from 1 test suite.
[----------] Global test environment set-up.
[----------] 1 test from HelloTest
[ RUN      ] HelloTest.BasicAssertions
[       OK ] HelloTest.BasicAssertions (0 ms)
[----------] 1 test from HelloTest (2 ms total)

[----------] Global test environment tear-down
[==========] 1 test from 1 test suite ran. (2 ms total)
[  PASSED  ] 1 test.
<end of output>
Test time =   0.03 sec
----------------------------------------------------------
Test Passed.
"dummyTest" end time: Dec 09 14:25 KST
"dummyTest" time elapsed: 00:00:00
----------------------------------------------------------

2/5 Testing: addTransactionTest
2/5 Test: addTransactionTest
Command: "/mnt/c/github/computer-programming/bitcoin-mining-simulator/build/addTransactionTest"
Directory: /mnt/c/github/computer-programming/bitcoin-mining-simulator/build
"addTransactionTest" start time: Dec 09 14:25 KST
Output:
----------------------------------------------------------
[==========] Running 4 tests from 1 test suite.
[----------] Global test environment set-up.
[----------] 4 tests from BlockchainTest
[ RUN      ] BlockchainTest.AddValidTransaction
Transaction added: Alice -> Bob: 10 coins
[       OK ] BlockchainTest.AddValidTransaction (40 ms)
[ RUN      ] BlockchainTest.AddInvalidTransactionInsufficientBalance
Transaction invalid: Insufficient balance or invalid account
[       OK ] BlockchainTest.AddInvalidTransactionInsufficientBalance (37 ms)
[ RUN      ] BlockchainTest.AddInvalidTransactionNonExistentAccount
Transaction invalid: Insufficient balance or invalid account
[       OK ] BlockchainTest.AddInvalidTransactionNonExistentAccount (38 ms)
[ RUN      ] BlockchainTest.AddMultipleTransactions
Transaction added: Alice -> Bob: 1 coins
Transaction added: Alice -> Bob: 1 coins
Transaction added: Alice -> Bob: 1 coins
Transaction added: Alice -> Bob: 1 coins
Transaction added: Alice -> Bob: 1 coins
Transaction added: Alice -> Bob: 1 coins
Transaction added: Alice -> Bob: 1 coins
Transaction added: Alice -> Bob: 1 coins
Transaction added: Alice -> Bob: 1 coins
Transaction added: Alice -> Bob: 1 coins

Creating new block with 10 transactions...
Mining block #1...
Block mined! Nonce: 68544
Mining took: 1 seconds
Block hash: 00006b88e9811a6ca493b806812e724a2fd236694d15641c3e8d77413ef20cc9
Reward given: Network -> Miner: 50 coins

[       OK ] BlockchainTest.AddMultipleTransactions (1964 ms)
[----------] 4 tests from BlockchainTest (2081 ms total)

[----------] Global test environment tear-down
[==========] 4 tests from 1 test suite ran. (2081 ms total)
[  PASSED  ] 4 tests.
<end of output>
Test time =   2.12 sec
----------------------------------------------------------
Test Passed.
"addTransactionTest" end time: Dec 09 14:25 KST
"addTransactionTest" time elapsed: 00:00:02
----------------------------------------------------------

3/5 Testing: createAccountTest
3/5 Test: createAccountTest
Command: "/mnt/c/github/computer-programming/bitcoin-mining-simulator/build/createAccountTest"
Directory: /mnt/c/github/computer-programming/bitcoin-mining-simulator/build
"createAccountTest" start time: Dec 09 14:25 KST
Output:
----------------------------------------------------------
[==========] Running 1 test from 1 test suite.
[----------] Global test environment set-up.
[----------] 1 test from BlockchainTest
[ RUN      ] BlockchainTest.CreateAccount
[       OK ] BlockchainTest.CreateAccount (122 ms)
[----------] 1 test from BlockchainTest (122 ms total)

[----------] Global test environment tear-down
[==========] 1 test from 1 test suite ran. (122 ms total)
[  PASSED  ] 1 test.
<end of output>
Test time =   0.20 sec
----------------------------------------------------------
Test Passed.
"createAccountTest" end time: Dec 09 14:25 KST
"createAccountTest" time elapsed: 00:00:00
----------------------------------------------------------

4/5 Testing: getBalanceTest
4/5 Test: getBalanceTest
Command: "/mnt/c/github/computer-programming/bitcoin-mining-simulator/build/getBalanceTest"
Directory: /mnt/c/github/computer-programming/bitcoin-mining-simulator/build
"getBalanceTest" start time: Dec 09 14:25 KST
Output:
----------------------------------------------------------
[==========] Running 1 test from 1 test suite.
[----------] Global test environment set-up.
[----------] 1 test from BlockchainTest
[ RUN      ] BlockchainTest.GetBalance
[       OK ] BlockchainTest.GetBalance (123 ms)
[----------] 1 test from BlockchainTest (123 ms total)

[----------] Global test environment tear-down
[==========] 1 test from 1 test suite ran. (124 ms total)
[  PASSED  ] 1 test.
<end of output>
Test time =   0.13 sec
----------------------------------------------------------
Test Passed.
"getBalanceTest" end time: Dec 09 14:25 KST
"getBalanceTest" time elapsed: 00:00:00
----------------------------------------------------------

5/5 Testing: addBlockTest
5/5 Test: addBlockTest
Command: "/mnt/c/github/computer-programming/bitcoin-mining-simulator/build/addBlockTest"
Directory: /mnt/c/github/computer-programming/bitcoin-mining-simulator/build
"addBlockTest" start time: Dec 09 14:25 KST
Output:
----------------------------------------------------------
[==========] Running 1 test from 1 test suite.
[----------] Global test environment set-up.
[----------] 1 test from BlockchainTest
[ RUN      ] BlockchainTest.AddBlock
Transaction added: Alice -> Bob: 10 coins

Creating new block with 1 transactions...
Mining block #1...
Block mined! Nonce: 37434
Mining took: 0 seconds
Block hash: 00001d6f77dcb8bb91f451ebacefb5d28ae666bfedd78427cae14ada0fe6a39c
Reward given: Network -> Miner: 50 coins

[       OK ] BlockchainTest.AddBlock (336 ms)
[----------] 1 test from BlockchainTest (336 ms total)

[----------] Global test environment tear-down
[==========] 1 test from 1 test suite ran. (336 ms total)
[  PASSED  ] 1 test.
<end of output>
Test time =   0.36 sec
----------------------------------------------------------
Test Passed.
"addBlockTest" end time: Dec 09 14:25 KST
"addBlockTest" time elapsed: 00:00:00
----------------------------------------------------------

End testing: Dec 09 14:25 KST
